Started GET "/favicon.ico" for 127.0.0.1 at 2019-03-04 14:10:47 +0100
Processing by ApplicationController#routing_error as 
  Parameters: {"path"=>"favicon"}
Routing error
Completed 200 OK in 1ms (Views: 0.5ms)
Started GET "/favicon.ico" for 127.0.0.1 at 2019-03-04 14:23:08 +0100
Processing by ApplicationController#routing_error as 
  Parameters: {"path"=>"favicon"}
Routing error
Completed 200 OK in 0ms (Views: 0.1ms)
Started GET "/customers/generate/2/1000/1/SPG" for 127.0.0.1 at 2019-03-04 14:23:11 +0100
Processing by CustomersController#generate as HTML
  Parameters: {"type"=>"2", "count"=>"1000", "start"=>"1", "market"=>"SPG"}
Completed 500 Internal Server Error in 20ms
  
ActiveRecord::PreparedStatementInvalid (wrong number of bind variables (2 for 1) in: code = ?):
  
app/controllers/customers_controller.rb:47:in `generate'
config.ru:20:in `call'
Started GET "/customers/" for 127.0.0.1 at 2019-03-04 14:23:31 +0100
Processing by ApplicationController#routing_error as HTML
  Parameters: {"path"=>"customers"}
Routing error
Completed 200 OK in 0ms (Views: 0.1ms)
Started GET "/favicon.ico" for 127.0.0.1 at 2019-03-04 14:23:31 +0100
Processing by ApplicationController#routing_error as 
  Parameters: {"path"=>"favicon"}
Routing error
Completed 200 OK in 0ms (Views: 0.1ms)
Started GET "/customers/generate/2/1000/1/SPG" for 127.0.0.1 at 2019-03-04 14:23:44 +0100
Processing by CustomersController#generate as HTML
  Parameters: {"type"=>"2", "count"=>"1000", "start"=>"1", "market"=>"SPG"}
Completed 500 Internal Server Error in 0ms
  
ActiveRecord::PreparedStatementInvalid (wrong number of bind variables (2 for 1) in: code = ?):
  
app/controllers/customers_controller.rb:47:in `generate'
config.ru:20:in `call'
Started GET "/favicon.ico" for 127.0.0.1 at 2019-03-04 14:35:33 +0100
Processing by ApplicationController#routing_error as 
  Parameters: {"path"=>"favicon"}
Routing error
Completed 200 OK in 1ms (Views: 0.3ms)
Started GET "/customers/generate/2/1000/1/SPG" for 127.0.0.1 at 2019-03-04 14:37:08 +0100
Processing by CustomersController#generate as HTML
  Parameters: {"type"=>"2", "count"=>"1000", "start"=>"1", "market"=>"SPG"}
Completed 500 Internal Server Error in 45ms
  
ActiveRecord::ConnectionNotEstablished (No connection pool with 'primary' found.):
  
app/controllers/customers_controller.rb:47:in `generate'
config.ru:20:in `call'
Started GET "/customers/generate/2/1000/1/SPG" for 127.0.0.1 at 2019-03-04 14:37:09 +0100
Processing by CustomersController#generate as HTML
  Parameters: {"type"=>"2", "count"=>"1000", "start"=>"1", "market"=>"SPG"}
Completed 500 Internal Server Error in 0ms
  
ActiveRecord::ConnectionNotEstablished (No connection pool with 'primary' found.):
  
app/controllers/customers_controller.rb:47:in `generate'
config.ru:20:in `call'
Started GET "/customers/generate/2/1000/1/SPG" for 127.0.0.1 at 2019-03-04 14:37:13 +0100
Processing by CustomersController#generate as HTML
  Parameters: {"type"=>"2", "count"=>"1000", "start"=>"1", "market"=>"SPG"}
Completed 500 Internal Server Error in 1ms
  
ActiveRecord::ConnectionNotEstablished (No connection pool with 'primary' found.):
  
app/controllers/customers_controller.rb:47:in `generate'
config.ru:20:in `call'
Started GET "/customers/generate/2/1000/1/SPG" for 127.0.0.1 at 2019-03-04 14:38:08 +0100
Processing by CustomersController#generate as HTML
  Parameters: {"type"=>"2", "count"=>"1000", "start"=>"1", "market"=>"SPG"}
Completed 500 Internal Server Error in 0ms
  
ActiveRecord::ConnectionNotEstablished (No connection pool with 'primary' found.):
  
app/controllers/customers_controller.rb:47:in `generate'
config.ru:20:in `call'
